d:\diconnect\diprotocols.dev\tools\sshpublicimporter.fixbug\dcimportsshpub\release\vc140.pdb
d:\diconnect\diprotocols.dev\tools\sshpublicimporter.fixbug\dcimportsshpub\release\dclognew.obj
d:\diconnect\diprotocols.dev\tools\sshpublicimporter.fixbug\dcimportsshpub\release\dcimportsshpub.obj
d:\diconnect\diprotocols.dev\tools\sshpublicimporter.fixbug\dcimportsshpub\release\dcimportsshpub.lib
d:\diconnect\diprotocols.dev\tools\sshpublicimporter.fixbug\dcimportsshpub\release\dcimportsshpub.exp
d:\diconnect\diprotocols.dev\tools\sshpublicimporter.fixbug\dcimportsshpub\release\dcimportsshpub.dll
d:\diconnect\diprotocols.dev\tools\sshpublicimporter.fixbug\dcimportsshpub\release\dcimportsshpub.ipdb
d:\diconnect\diprotocols.dev\tools\sshpublicimporter.fixbug\dcimportsshpub\release\dcimportsshpub.iobj
d:\diconnect\diprotocols.dev\tools\sshpublicimporter.fixbug\dcimportsshpub\release\dcimportsshpub.pdb
d:\diconnect\diprotocols.dev\tools\sshpublicimporter.fixbug\dcimportsshpub\release\dcimportsshpub.res
d:\diconnect\diprotocols.dev\tools\sshpublicimporter.fixbug\dcimportsshpub\release\dcimportsshpub.tlog\cl.command.1.tlog
d:\diconnect\diprotocols.dev\tools\sshpublicimporter.fixbug\dcimportsshpub\release\dcimportsshpub.tlog\cl.read.1.tlog
d:\diconnect\diprotocols.dev\tools\sshpublicimporter.fixbug\dcimportsshpub\release\dcimportsshpub.tlog\cl.write.1.tlog
d:\diconnect\diprotocols.dev\tools\sshpublicimporter.fixbug\dcimportsshpub\release\dcimportsshpub.tlog\dcimportsshpub.write.1u.tlog
d:\diconnect\diprotocols.dev\tools\sshpublicimporter.fixbug\dcimportsshpub\release\dcimportsshpub.tlog\link.command.1.tlog
d:\diconnect\diprotocols.dev\tools\sshpublicimporter.fixbug\dcimportsshpub\release\dcimportsshpub.tlog\link.read.1.tlog
d:\diconnect\diprotocols.dev\tools\sshpublicimporter.fixbug\dcimportsshpub\release\dcimportsshpub.tlog\link.write.1.tlog
d:\diconnect\diprotocols.dev\tools\sshpublicimporter.fixbug\dcimportsshpub\release\dcimportsshpub.tlog\rc.command.1.tlog
d:\diconnect\diprotocols.dev\tools\sshpublicimporter.fixbug\dcimportsshpub\release\dcimportsshpub.tlog\rc.read.1.tlog
d:\diconnect\diprotocols.dev\tools\sshpublicimporter.fixbug\dcimportsshpub\release\dcimportsshpub.tlog\rc.write.1.tlog
